Using pre-set license
Built from '2021.2/staging' branch; Version is '2021.2.10f1 (ee872746220e) revision 15632167'; Using compiler version '192829333'; Build Type 'Release'
OS: 'Windows 11  (10.0.22000) 64bit Core' Language: 'en' Physical Memory: 15776 MB
BatchMode: 1, IsHumanControllingUs: 0, StartBugReporterOnCrash: 0, Is64bit: 1, IsPro: 0

COMMAND LINE ARGUMENTS:
C:\Program Files\Unity\Hub\Editor\2021.2.10f1\Editor\Unity.exe
-adb2
-batchMode
-noUpm
-name
AssetImportWorker2
-projectPath
C:/Users/ariag/Documents/GitHub/Heph/Heph
-logFile
Logs/AssetImportWorker2.log
-srvPort
62292
Successfully changed project path to: C:/Users/ariag/Documents/GitHub/Heph/Heph
C:/Users/ariag/Documents/GitHub/Heph/Heph
[UnityMemory] Configuration Parameters - Can be set up in boot.config
    "memorysetup-bucket-allocator-granularity=16"
    "memorysetup-bucket-allocator-bucket-count=8"
    "memorysetup-bucket-allocator-block-size=33554432"
    "memorysetup-bucket-allocator-block-count=8"
    "memorysetup-main-allocator-block-size=16777216"
    "memorysetup-thread-allocator-block-size=16777216"
    "memorysetup-gfx-main-allocator-block-size=16777216"
    "memorysetup-gfx-thread-allocator-block-size=16777216"
    "memorysetup-cache-allocator-block-size=4194304"
    "memorysetup-typetree-allocator-block-size=2097152"
    "memorysetup-profiler-bucket-allocator-granularity=16"
    "memorysetup-profiler-bucket-allocator-bucket-count=8"
    "memorysetup-profiler-bucket-allocator-block-size=33554432"
    "memorysetup-profiler-bucket-allocator-block-count=8"
    "memorysetup-profiler-allocator-block-size=16777216"
    "memorysetup-profiler-editor-allocator-block-size=1048576"
    "memorysetup-temp-allocator-size-main=16777216"
    "memorysetup-job-temp-allocator-block-size=2097152"
    "memorysetup-job-temp-allocator-block-size-background=1048576"
    "memorysetup-job-temp-allocator-reduction-small-platforms=262144"
    "memorysetup-temp-allocator-size-background-worker=32768"
    "memorysetup-temp-allocator-size-job-worker=262144"
    "memorysetup-temp-allocator-size-preload-manager=33554432"
    "memorysetup-temp-allocator-size-nav-mesh-worker=65536"
    "memorysetup-temp-allocator-size-audio-worker=65536"
    "memorysetup-temp-allocator-size-cloud-worker=32768"
    "memorysetup-temp-allocator-size-gi-baking-worker=262144"
    "memorysetup-temp-allocator-size-gfx=262144"
Refreshing native plugins compatible for Editor in 100.70 ms, found 3 plugins.
Preloading 0 native plugins for Editor in 0.00 ms.
Initialize engine version: 2021.2.10f1 (ee872746220e)
[Subsystems] Discovering subsystems at path C:/Program Files/Unity/Hub/Editor/2021.2.10f1/Editor/Data/Resources/UnitySubsystems
[Subsystems] Discovering subsystems at path C:/Users/ariag/Documents/GitHub/Heph/Heph/Assets
GfxDevice: creating device client; threaded=0; jobified=0
Direct3D:
    Version:  Direct3D 11.0 [level 11.1]
    Renderer: NVIDIA GeForce RTX 3060 Laptop GPU (ID=0x2520)
    Vendor:   NVIDIA
    VRAM:     6023 MB
    Driver:   31.0.15.1694
Initialize mono
Mono path[0] = 'C:/Program Files/Unity/Hub/Editor/2021.2.10f1/Editor/Data/Managed'
Mono path[1] = 'C:/Program Files/Unity/Hub/Editor/2021.2.10f1/Editor/Data/MonoBleedingEdge/lib/mono/unityjit-win32'
Mono config path = 'C:/Program Files/Unity/Hub/Editor/2021.2.10f1/Editor/Data/MonoBleedingEdge/etc'
Using monoOptions --debugger-agent=transport=dt_socket,embedding=1,server=y,suspend=n,address=127.0.0.1:56824
Begin MonoManager ReloadAssembly
Registering precompiled unity dll's ...
Register platform support module: C:/Program Files/Unity/Hub/Editor/2021.2.10f1/Editor/Data/PlaybackEngines/WindowsStandaloneSupport/UnityEditor.WindowsStandalone.Extensions.dll
Registered in 0.004541 seconds.
Native extension for WindowsStandalone target not found
Refreshing native plugins compatible for Editor in 105.24 ms, found 3 plugins.
Preloading 0 native plugins for Editor in 0.00 ms.
Mono: successfully reloaded assembly
- Completed reload, in  0.585 seconds
Domain Reload Profiling:
	ReloadAssembly (585ms)
		BeginReloadAssembly (66ms)
			ExecutionOrderSort (0ms)
			DisableScriptedObjects (0ms)
			BackupInstance (0ms)
			ReleaseScriptingObjects (0ms)
			CreateAndSetChildDomain (1ms)
		EndReloadAssembly (450ms)
			LoadAssemblies (64ms)
			RebuildTransferFunctionScriptingTraits (0ms)
			SetupTypeCache (93ms)
			ReleaseScriptCaches (0ms)
			RebuildScriptCaches (21ms)
			SetupLoadedEditorAssemblies (290ms)
				LogAssemblyErrors (0ms)
				InitializePlatformSupportModulesInManaged (15ms)
				SetLoadedEditorAssemblies (0ms)
				RefreshPlugins (105ms)
				BeforeProcessingInitializeOnLoad (1ms)
				ProcessInitializeOnLoadAttributes (131ms)
				ProcessInitializeOnLoadMethodAttributes (38ms)
				AfterProcessingInitializeOnLoad (0ms)
				EditorAssembliesLoaded (0ms)
			ExecutionOrderSort2 (0ms)
			AwakeInstancesAfterBackupRestoration (0ms)
Platform modules already initialized, skipping
Registering precompiled user dll's ...
Registered in 0.006371 seconds.
Begin MonoManager ReloadAssembly
Symbol file LoadedFromMemory doesn't match image C:\Users\ariag\Documents\GitHub\Heph\Heph\Library\PackageCache\com.unity.visualscripting@1.7.6\Editor\VisualScripting.Core\Dependencies\YamlDotNet\Unity.VisualScripting.YamlDotNet.dll
Symbol file LoadedFromMemory doesn't match image C:\Users\ariag\Documents\GitHub\Heph\Heph\Library\PackageCache\com.unity.visualscripting@1.7.6\Editor\VisualScripting.Core\Dependencies\DotNetZip\Unity.VisualScripting.IonicZip.dll
Native extension for WindowsStandalone target not found
Refreshing native plugins compatible for Editor in 108.91 ms, found 3 plugins.
Preloading 0 native plugins for Editor in 0.00 ms.
Mono: successfully reloaded assembly
- Completed reload, in  1.627 seconds
Domain Reload Profiling:
	ReloadAssembly (1628ms)
		BeginReloadAssembly (103ms)
			ExecutionOrderSort (0ms)
			DisableScriptedObjects (5ms)
			BackupInstance (0ms)
			ReleaseScriptingObjects (0ms)
			CreateAndSetChildDomain (20ms)
		EndReloadAssembly (1439ms)
			LoadAssemblies (80ms)
			RebuildTransferFunctionScriptingTraits (0ms)
			SetupTypeCache (229ms)
			ReleaseScriptCaches (1ms)
			RebuildScriptCaches (55ms)
			SetupLoadedEditorAssemblies (1030ms)
				LogAssemblyErrors (0ms)
				InitializePlatformSupportModulesInManaged (12ms)
				SetLoadedEditorAssemblies (0ms)
				RefreshPlugins (109ms)
				BeforeProcessingInitializeOnLoad (98ms)
				ProcessInitializeOnLoadAttributes (737ms)
				ProcessInitializeOnLoadMethodAttributes (68ms)
				AfterProcessingInitializeOnLoad (6ms)
				EditorAssembliesLoaded (0ms)
			ExecutionOrderSort2 (0ms)
			AwakeInstancesAfterBackupRestoration (5ms)
Platform modules already initialized, skipping
========================================================================
Worker process is ready to serve import requests
Launched and connected shader compiler UnityShaderCompiler.exe after 0.05 seconds
Refreshing native plugins compatible for Editor in 1.14 ms, found 3 plugins.
Preloading 0 native plugins for Editor in 0.00 ms.
Unloading 5543 Unused Serialized files (Serialized files now loaded: 0)
Unloading 50 unused Assets / (0.8 MB). Loaded Objects now: 5993.
Memory consumption went from 218.8 MB to 218.0 MB.
Total: 4.819900 ms (FindLiveObjects: 0.524800 ms CreateObjectMapping: 0.704200 ms MarkObjects: 3.251200 ms  DeleteObjects: 0.337700 ms)

AssetImportParameters requested are different than current active one (requested -> active):
  custom:video-decoder-ogg-theora: a1e56fd34408186e4bbccfd4996cb3dc -> 
  custom:container-muxer-webm: aa71ff27fc2769a1b78a27578f13a17b -> 
  custom:container-demuxer-webm: 4f35f7cbe854078d1ac9338744f61a02 -> 
  custom:video-encoder-webm-vp8: eb34c28f22e8b96e1ab97ce403110664 -> 
  custom:video-codec-MediaFoundation-h265: 746d11721c4dcdbdad8f713fa42b33f4 -> 
  custom:audio-encoder-webm-vorbis: bf7c407c2cedff20999df2af8eb42d56 -> 
  custom:framework-win-MediaFoundation: 216162199b28c13a410421893ffa2e32 -> 
  custom:container-demuxer-ogg: 62fdf1f143b41e24485cea50d1cbac27 -> 
  custom:video-decoder-webm-vp8: 9c59270c3fd7afecdb556c50c9e8de78 -> 
  custom:audio-decoder-ogg-vorbis: bf7c407c2cedff20999df2af8eb42d56 -> 
========================================================================
Received Import Request.
  Time since last request: 359971.415252 seconds.
  path: Assets/_project/Data/Fighters/testEnemy3.asset
  artifactKey: Guid(6f07bd8c6b600d646b566b2b556be8ca) Importer(815301076,1909f56bfc062723c751e8b465ee728b)
Start importing Assets/_project/Data/Fighters/testEnemy3.asset using Guid(6f07bd8c6b600d646b566b2b556be8ca) Importer(815301076,1909f56bfc062723c751e8b465ee728b)  -> (artifact id: '009243fa57a30b6d81161aee790ccc40') in 0.030577 seconds 
========================================================================
Received Import Request.
  Time since last request: 0.963166 seconds.
  path: Assets/_project/Data/Story/testEnemy1.asset
  artifactKey: Guid(bfd307d5baa339c4f86e0f030001d250) Importer(815301076,1909f56bfc062723c751e8b465ee728b)
Start importing Assets/_project/Data/Story/testEnemy1.asset using Guid(bfd307d5baa339c4f86e0f030001d250) Importer(815301076,1909f56bfc062723c751e8b465ee728b)  -> (artifact id: '1bd91184af9f0d7ce171bd6136d7b664') in 0.003359 seconds 
========================================================================
Received Import Request.
  Time since last request: 0.948100 seconds.
  path: Assets/_project/Prefabs/DialogueChoiceButton.prefab
  artifactKey: Guid(87a0ecac02fbbc14a97ef8806528b6b9) Importer(815301076,1909f56bfc062723c751e8b465ee728b)
Start importing Assets/_project/Prefabs/DialogueChoiceButton.prefab using Guid(87a0ecac02fbbc14a97ef8806528b6b9) Importer(815301076,1909f56bfc062723c751e8b465ee728b)  -> (artifact id: '0ffe584f8c1a4faef04dcbb719b33574') in 0.074511 seconds 
========================================================================
Received Import Request.
  Time since last request: 29.932316 seconds.
  path: Assets/_project/Scripts/Managers/Game
  artifactKey: Guid(595fedee94a4c8648bbcb156625c4596) Importer(815301076,1909f56bfc062723c751e8b465ee728b)
Start importing Assets/_project/Scripts/Managers/Game using Guid(595fedee94a4c8648bbcb156625c4596) Importer(815301076,1909f56bfc062723c751e8b465ee728b)  -> (artifact id: 'b941323ddbf3b4403738174f84fed473') in 0.005142 seconds 
========================================================================
Received Import Request.
  Time since last request: 2.840804 seconds.
  path: Assets/_project/Scripts/Setup/EditorPreloadIntegration.cs
  artifactKey: Guid(b5101fe0e193bb2498b65dee3b678018) Importer(815301076,1909f56bfc062723c751e8b465ee728b)
Start importing Assets/_project/Scripts/Setup/EditorPreloadIntegration.cs using Guid(b5101fe0e193bb2498b65dee3b678018) Importer(815301076,1909f56bfc062723c751e8b465ee728b)  -> (artifact id: '5238b94d56485fb5fc9780090fc77738') in 0.009119 seconds 
========================================================================
Received Import Request.
  Time since last request: 1.034410 seconds.
  path: Assets/_project/Scripts/Setup/App.cs
  artifactKey: Guid(343123329d830e441a4dfd663b161f7e) Importer(815301076,1909f56bfc062723c751e8b465ee728b)
Start importing Assets/_project/Scripts/Setup/App.cs using Guid(343123329d830e441a4dfd663b161f7e) Importer(815301076,1909f56bfc062723c751e8b465ee728b)  -> (artifact id: '2420029a5df880eee86ff76cf31406ac') in 0.007367 seconds 
========================================================================
Received Import Request.
  Time since last request: 6.654630 seconds.
  path: Assets/_project/Resources/__app.prefab
  artifactKey: Guid(f1b8fbac280a34e4c856127d30a56c34) Importer(815301076,1909f56bfc062723c751e8b465ee728b)
Start importing Assets/_project/Resources/__app.prefab using Guid(f1b8fbac280a34e4c856127d30a56c34) Importer(815301076,1909f56bfc062723c751e8b465ee728b)  -> (artifact id: 'bbf82f784b6b61cc05e9cc5bd3d6e177') in 0.021839 seconds 
========================================================================
Received Import Request.
  Time since last request: 3.886103 seconds.
  path: Assets/_project/Resources/__app.prefab
  artifactKey: Guid(f1b8fbac280a34e4c856127d30a56c34) Importer(815301076,1909f56bfc062723c751e8b465ee728b)
Start importing Assets/_project/Resources/__app.prefab using Guid(f1b8fbac280a34e4c856127d30a56c34) Importer(815301076,1909f56bfc062723c751e8b465ee728b)  -> (artifact id: 'f8c3899674cfa0d23884fc64a4939dd5') in 0.011892 seconds 
========================================================================
Received Import Request.
  Time since last request: 5.626645 seconds.
  path: Assets/_project/Resources/__app.prefab
  artifactKey: Guid(f1b8fbac280a34e4c856127d30a56c34) Importer(815301076,1909f56bfc062723c751e8b465ee728b)
Start importing Assets/_project/Resources/__app.prefab using Guid(f1b8fbac280a34e4c856127d30a56c34) Importer(815301076,1909f56bfc062723c751e8b465ee728b)  -> (artifact id: '5d370218eddd11b7ab2ef7d315bb009d') in 0.009297 seconds 
========================================================================
Received Import Request.
  Time since last request: 4.811567 seconds.
  path: Assets/_project/Resources/__app.prefab
  artifactKey: Guid(f1b8fbac280a34e4c856127d30a56c34) Importer(815301076,1909f56bfc062723c751e8b465ee728b)
Start importing Assets/_project/Resources/__app.prefab using Guid(f1b8fbac280a34e4c856127d30a56c34) Importer(815301076,1909f56bfc062723c751e8b465ee728b)  -> (artifact id: '5bc4a4c3da35631989a0728ee3ec4136') in 0.012799 seconds 
========================================================================
Received Import Request.
  Time since last request: 1.000897 seconds.
  path: Assets/_project/Resources/__app.prefab
  artifactKey: Guid(f1b8fbac280a34e4c856127d30a56c34) Importer(815301076,1909f56bfc062723c751e8b465ee728b)
Start importing Assets/_project/Resources/__app.prefab using Guid(f1b8fbac280a34e4c856127d30a56c34) Importer(815301076,1909f56bfc062723c751e8b465ee728b)  -> (artifact id: '19cd6684bf9c6e53340c13cb63856222') in 0.009745 seconds 
========================================================================
Received Import Request.
  Time since last request: 5.650593 seconds.
  path: Assets/_project/Resources/__app.prefab
  artifactKey: Guid(f1b8fbac280a34e4c856127d30a56c34) Importer(815301076,1909f56bfc062723c751e8b465ee728b)
Start importing Assets/_project/Resources/__app.prefab using Guid(f1b8fbac280a34e4c856127d30a56c34) Importer(815301076,1909f56bfc062723c751e8b465ee728b)  -> (artifact id: 'e3001ed201f61f8475adc51bf35a8905') in 0.010086 seconds 
========================================================================
Received Import Request.
  Time since last request: 7.468812 seconds.
  path: Assets/_project/Scenes/TestScene.unity
  artifactKey: Guid(018247ad1843df64f84eef36c2175d35) Importer(815301076,1909f56bfc062723c751e8b465ee728b)
Start importing Assets/_project/Scenes/TestScene.unity using Guid(018247ad1843df64f84eef36c2175d35) Importer(815301076,1909f56bfc062723c751e8b465ee728b)  -> (artifact id: 'b0c1228964b5b395b21dfcfbbb63a472') in 0.002597 seconds 
========================================================================
Received Prepare
Registering precompiled user dll's ...
Registered in 0.005901 seconds.
Begin MonoManager ReloadAssembly
Symbol file LoadedFromMemory doesn't match image C:\Users\ariag\Documents\GitHub\Heph\Heph\Library\PackageCache\com.unity.visualscripting@1.7.6\Editor\VisualScripting.Core\Dependencies\YamlDotNet\Unity.VisualScripting.YamlDotNet.dll
Symbol file LoadedFromMemory doesn't match image C:\Users\ariag\Documents\GitHub\Heph\Heph\Library\PackageCache\com.unity.visualscripting@1.7.6\Editor\VisualScripting.Core\Dependencies\DotNetZip\Unity.VisualScripting.IonicZip.dll
Native extension for WindowsStandalone target not found
Refreshing native plugins compatible for Editor in 1.14 ms, found 3 plugins.
Preloading 0 native plugins for Editor in 0.00 ms.
Mono: successfully reloaded assembly
- Completed reload, in  1.265 seconds
Domain Reload Profiling:
	ReloadAssembly (1265ms)
		BeginReloadAssembly (123ms)
			ExecutionOrderSort (0ms)
			DisableScriptedObjects (4ms)
			BackupInstance (0ms)
			ReleaseScriptingObjects (0ms)
			CreateAndSetChildDomain (46ms)
		EndReloadAssembly (1051ms)
			LoadAssemblies (70ms)
			RebuildTransferFunctionScriptingTraits (0ms)
			SetupTypeCache (251ms)
			ReleaseScriptCaches (2ms)
			RebuildScriptCaches (47ms)
			SetupLoadedEditorAssemblies (617ms)
				LogAssemblyErrors (0ms)
				InitializePlatformSupportModulesInManaged (13ms)
				SetLoadedEditorAssemblies (0ms)
				RefreshPlugins (1ms)
				BeforeProcessingInitializeOnLoad (83ms)
				ProcessInitializeOnLoadAttributes (432ms)
				ProcessInitializeOnLoadMethodAttributes (80ms)
				AfterProcessingInitializeOnLoad (8ms)
				EditorAssembliesLoaded (0ms)
			ExecutionOrderSort2 (0ms)
			AwakeInstancesAfterBackupRestoration (15ms)
Platform modules already initialized, skipping
Refreshing native plugins compatible for Editor in 1.31 ms, found 3 plugins.
Preloading 0 native plugins for Editor in 0.00 ms.
Unloading 5409 Unused Serialized files (Serialized files now loaded: 0)
Unloading 32 unused Assets / (0.7 MB). Loaded Objects now: 6008.
Memory consumption went from 209.5 MB to 208.7 MB.
Total: 5.870300 ms (FindLiveObjects: 0.518300 ms CreateObjectMapping: 0.531500 ms MarkObjects: 4.478100 ms  DeleteObjects: 0.340800 ms)

AssetImportParameters requested are different than current active one (requested -> active):
  custom:video-decoder-ogg-theora: a1e56fd34408186e4bbccfd4996cb3dc -> 
  custom:container-muxer-webm: aa71ff27fc2769a1b78a27578f13a17b -> 
  custom:container-demuxer-webm: 4f35f7cbe854078d1ac9338744f61a02 -> 
  custom:video-encoder-webm-vp8: eb34c28f22e8b96e1ab97ce403110664 -> 
  custom:video-codec-MediaFoundation-h265: 746d11721c4dcdbdad8f713fa42b33f4 -> 
  custom:audio-encoder-webm-vorbis: bf7c407c2cedff20999df2af8eb42d56 -> 
  custom:framework-win-MediaFoundation: 216162199b28c13a410421893ffa2e32 -> 
  custom:container-demuxer-ogg: 62fdf1f143b41e24485cea50d1cbac27 -> 
  custom:video-decoder-webm-vp8: 9c59270c3fd7afecdb556c50c9e8de78 -> 
  custom:audio-decoder-ogg-vorbis: bf7c407c2cedff20999df2af8eb42d56 -> 
========================================================================
Received Import Request.
  Time since last request: 91.854948 seconds.
  path: Assets/_project/Data/Story/testEnemy1Fight1.json
  artifactKey: Guid(65339c173904d534bbd668645addc4d4) Importer(815301076,1909f56bfc062723c751e8b465ee728b)
Start importing Assets/_project/Data/Story/testEnemy1Fight1.json using Guid(65339c173904d534bbd668645addc4d4) Importer(815301076,1909f56bfc062723c751e8b465ee728b)  -> (artifact id: '9c421e510479d8cdf3515585317281d4') in 0.031245 seconds 
========================================================================
Received Import Request.
  Time since last request: 70.538039 seconds.
  path: Assets/_project/Data/Story/testEnemy2 1.asset
  artifactKey: Guid(e1bfb02f5e0695b45b19ac1fad223092) Importer(815301076,1909f56bfc062723c751e8b465ee728b)
Start importing Assets/_project/Data/Story/testEnemy2 1.asset using Guid(e1bfb02f5e0695b45b19ac1fad223092) Importer(815301076,1909f56bfc062723c751e8b465ee728b)  -> (artifact id: 'd8cfa6f61c1714e07b3235723d830da6') in 0.003050 seconds 
========================================================================
Received Import Request.
  Time since last request: 8.562140 seconds.
  path: Assets/_project/Data/Story/testEnemy3.asset
  artifactKey: Guid(e1bfb02f5e0695b45b19ac1fad223092) Importer(815301076,1909f56bfc062723c751e8b465ee728b)
Start importing Assets/_project/Data/Story/testEnemy3.asset using Guid(e1bfb02f5e0695b45b19ac1fad223092) Importer(815301076,1909f56bfc062723c751e8b465ee728b)  -> (artifact id: 'c7975c1105b73270ebd20fc3348ae69f') in 0.002451 seconds 
========================================================================
Received Import Request.
  Time since last request: 2.598656 seconds.
  path: Assets/_project/Data/Story/testEnemy2Fight1 1.json
  artifactKey: Guid(0b786222bbe84814c99554ff105c79ed) Importer(815301076,1909f56bfc062723c751e8b465ee728b)
Start importing Assets/_project/Data/Story/testEnemy2Fight1 1.json using Guid(0b786222bbe84814c99554ff105c79ed) Importer(815301076,1909f56bfc062723c751e8b465ee728b)  -> (artifact id: '182e1c194d1d9f1a693dcaf4b69aff0b') in 0.007460 seconds 
========================================================================
Received Import Request.
  Time since last request: 27.941913 seconds.
  path: Assets/_project/Data/Story/testEnemy3Fight1.json
  artifactKey: Guid(870a2b51b5ce9bf46909608121a97ff1) Importer(815301076,1909f56bfc062723c751e8b465ee728b)
Start importing Assets/_project/Data/Story/testEnemy3Fight1.json using Guid(870a2b51b5ce9bf46909608121a97ff1) Importer(815301076,1909f56bfc062723c751e8b465ee728b)  -> (artifact id: 'b72ed1a64461ecbadd26405606d27580') in 0.006465 seconds 
========================================================================
Received Import Request.
  Time since last request: 4.275960 seconds.
  path: Assets/_project/Data/Story/testEnemy2Fight1.json
  artifactKey: Guid(5b001f9c1c87b654b9dd370f0bf4acc5) Importer(815301076,1909f56bfc062723c751e8b465ee728b)
Start importing Assets/_project/Data/Story/testEnemy2Fight1.json using Guid(5b001f9c1c87b654b9dd370f0bf4acc5) Importer(815301076,1909f56bfc062723c751e8b465ee728b)  -> (artifact id: '5cd5c27716753a63394e8b753514997a') in 0.007032 seconds 
========================================================================
Received Import Request.
  Time since last request: 38.970245 seconds.
  path: Assets/TextMesh Pro/Shaders/TMPro.cginc
  artifactKey: Guid(407bc68d299748449bbf7f48ee690f8d) Importer(815301076,1909f56bfc062723c751e8b465ee728b)
Start importing Assets/TextMesh Pro/Shaders/TMPro.cginc using Guid(407bc68d299748449bbf7f48ee690f8d) Importer(815301076,1909f56bfc062723c751e8b465ee728b)  -> (artifact id: '46d900f418e88ebb47cabc4156455da9') in 0.015610 seconds 
========================================================================
Received Import Request.
  Time since last request: 0.000039 seconds.
  path: Assets/TextMesh Pro/Shaders/TMPro_Properties.cginc
  artifactKey: Guid(3997e2241185407d80309a82f9148466) Importer(815301076,1909f56bfc062723c751e8b465ee728b)
Start importing Assets/TextMesh Pro/Shaders/TMPro_Properties.cginc using Guid(3997e2241185407d80309a82f9148466) Importer(815301076,1909f56bfc062723c751e8b465ee728b)  -> (artifact id: '100de2ba2da263f2b066e50d47bff469') in 0.010565 seconds 
========================================================================
Received Import Request.
  Time since last request: 3.699911 seconds.
  path: Assets/_project/Data/Story/testEnemy3.asset
  artifactKey: Guid(e1bfb02f5e0695b45b19ac1fad223092) Importer(815301076,1909f56bfc062723c751e8b465ee728b)
Start importing Assets/_project/Data/Story/testEnemy3.asset using Guid(e1bfb02f5e0695b45b19ac1fad223092) Importer(815301076,1909f56bfc062723c751e8b465ee728b)  -> (artifact id: 'fcd3a15670aef9a55f2954efd8b64f12') in 0.007662 seconds 
========================================================================
Received Import Request.
  Time since last request: 3.701477 seconds.
  path: Assets/_project/Data/Story/testEnemy1 1.asset
  artifactKey: Guid(0554f03bc20ef5f428ee595ecfec6749) Importer(815301076,1909f56bfc062723c751e8b465ee728b)
Start importing Assets/_project/Data/Story/testEnemy1 1.asset using Guid(0554f03bc20ef5f428ee595ecfec6749) Importer(815301076,1909f56bfc062723c751e8b465ee728b)  -> (artifact id: '0c63bbc30b010bfb3e163a02726e3023') in 0.007847 seconds 
========================================================================
Received Import Request.
  Time since last request: 5.973247 seconds.
  path: Assets/_project/Data/Story/testEnemy0.asset
  artifactKey: Guid(0554f03bc20ef5f428ee595ecfec6749) Importer(815301076,1909f56bfc062723c751e8b465ee728b)
Start importing Assets/_project/Data/Story/testEnemy0.asset using Guid(0554f03bc20ef5f428ee595ecfec6749) Importer(815301076,1909f56bfc062723c751e8b465ee728b)  -> (artifact id: '5427af1cfe3eec4db30ed28b19505ec6') in 0.006458 seconds 
========================================================================
Received Import Request.
  Time since last request: 20.393309 seconds.
  path: Assets/_project/Data/Story/testEnemy0Fight1.json
  artifactKey: Guid(7e3d37fa8de14e44c80a19cc63a1a634) Importer(815301076,1909f56bfc062723c751e8b465ee728b)
Start importing Assets/_project/Data/Story/testEnemy0Fight1.json using Guid(7e3d37fa8de14e44c80a19cc63a1a634) Importer(815301076,1909f56bfc062723c751e8b465ee728b)  -> (artifact id: '73dce68fd65d43632f6391c201820daf') in 0.008005 seconds 
========================================================================
Received Import Request.
  Time since last request: 3.058782 seconds.
  path: Assets/_project/Data/Story/testEnemy1Fight1 1.json
  artifactKey: Guid(57638ee16d27ea248b486ecb39bdc590) Importer(815301076,1909f56bfc062723c751e8b465ee728b)
Start importing Assets/_project/Data/Story/testEnemy1Fight1 1.json using Guid(57638ee16d27ea248b486ecb39bdc590) Importer(815301076,1909f56bfc062723c751e8b465ee728b)  -> (artifact id: 'a9677296a9db4599a349a44fc0ac3fc4') in 0.005833 seconds 
========================================================================
Received Import Request.
  Time since last request: 17.590717 seconds.
  path: Assets/_project/Data/Story/testEnemy0.asset
  artifactKey: Guid(0554f03bc20ef5f428ee595ecfec6749) Importer(815301076,1909f56bfc062723c751e8b465ee728b)
Start importing Assets/_project/Data/Story/testEnemy0.asset using Guid(0554f03bc20ef5f428ee595ecfec6749) Importer(815301076,1909f56bfc062723c751e8b465ee728b)  -> (artifact id: 'ffbe66bf8a99f4c0f96edf67aed4d0a9') in 0.002900 seconds 
========================================================================
Received Prepare
Registering precompiled user dll's ...
Registered in 0.006959 seconds.
Begin MonoManager ReloadAssembly
Symbol file LoadedFromMemory doesn't match image C:\Users\ariag\Documents\GitHub\Heph\Heph\Library\PackageCache\com.unity.visualscripting@1.7.6\Editor\VisualScripting.Core\Dependencies\YamlDotNet\Unity.VisualScripting.YamlDotNet.dll
Symbol file LoadedFromMemory doesn't match image C:\Users\ariag\Documents\GitHub\Heph\Heph\Library\PackageCache\com.unity.visualscripting@1.7.6\Editor\VisualScripting.Core\Dependencies\DotNetZip\Unity.VisualScripting.IonicZip.dll
Native extension for WindowsStandalone target not found
Refreshing native plugins compatible for Editor in 1.46 ms, found 3 plugins.
Preloading 0 native plugins for Editor in 0.00 ms.
Mono: successfully reloaded assembly
- Completed reload, in  1.262 seconds
Domain Reload Profiling:
	ReloadAssembly (1263ms)
		BeginReloadAssembly (125ms)
			ExecutionOrderSort (0ms)
			DisableScriptedObjects (4ms)
			BackupInstance (0ms)
			ReleaseScriptingObjects (0ms)
			CreateAndSetChildDomain (45ms)
		EndReloadAssembly (1050ms)
			LoadAssemblies (80ms)
			RebuildTransferFunctionScriptingTraits (0ms)
			SetupTypeCache (243ms)
			ReleaseScriptCaches (2ms)
			RebuildScriptCaches (49ms)
			SetupLoadedEditorAssemblies (608ms)
				LogAssemblyErrors (0ms)
				InitializePlatformSupportModulesInManaged (15ms)
				SetLoadedEditorAssemblies (0ms)
				RefreshPlugins (2ms)
				BeforeProcessingInitializeOnLoad (87ms)
				ProcessInitializeOnLoadAttributes (421ms)
				ProcessInitializeOnLoadMethodAttributes (74ms)
				AfterProcessingInitializeOnLoad (9ms)
				EditorAssembliesLoaded (0ms)
			ExecutionOrderSort2 (0ms)
			AwakeInstancesAfterBackupRestoration (15ms)
Platform modules already initialized, skipping
Refreshing native plugins compatible for Editor in 1.68 ms, found 3 plugins.
Preloading 0 native plugins for Editor in 0.00 ms.
Unloading 5408 Unused Serialized files (Serialized files now loaded: 0)
Unloading 31 unused Assets / (0.7 MB). Loaded Objects now: 6022.
Memory consumption went from 209.5 MB to 208.7 MB.
Total: 5.738800 ms (FindLiveObjects: 0.467700 ms CreateObjectMapping: 0.484200 ms MarkObjects: 4.405900 ms  DeleteObjects: 0.379800 ms)

AssetImportParameters requested are different than current active one (requested -> active):
  custom:video-decoder-ogg-theora: a1e56fd34408186e4bbccfd4996cb3dc -> 
  custom:container-muxer-webm: aa71ff27fc2769a1b78a27578f13a17b -> 
  custom:container-demuxer-webm: 4f35f7cbe854078d1ac9338744f61a02 -> 
  custom:video-encoder-webm-vp8: eb34c28f22e8b96e1ab97ce403110664 -> 
  custom:video-codec-MediaFoundation-h265: 746d11721c4dcdbdad8f713fa42b33f4 -> 
  custom:audio-encoder-webm-vorbis: bf7c407c2cedff20999df2af8eb42d56 -> 
  custom:framework-win-MediaFoundation: 216162199b28c13a410421893ffa2e32 -> 
  custom:container-demuxer-ogg: 62fdf1f143b41e24485cea50d1cbac27 -> 
  custom:video-decoder-webm-vp8: 9c59270c3fd7afecdb556c50c9e8de78 -> 
  custom:audio-decoder-ogg-vorbis: bf7c407c2cedff20999df2af8eb42d56 -> 
========================================================================
Received Import Request.
  Time since last request: 46.403359 seconds.
  path: Assets/_project/Resources/__app.prefab
  artifactKey: Guid(f1b8fbac280a34e4c856127d30a56c34) Importer(815301076,1909f56bfc062723c751e8b465ee728b)
Start importing Assets/_project/Resources/__app.prefab using Guid(f1b8fbac280a34e4c856127d30a56c34) Importer(815301076,1909f56bfc062723c751e8b465ee728b)  -> (artifact id: '64de7dffc6375ca9d7a41b3cce9a0814') in 0.043136 seconds 
========================================================================
Received Import Request.
  Time since last request: 1.767788 seconds.
  path: Assets/_project/Resources/__app.prefab
  artifactKey: Guid(f1b8fbac280a34e4c856127d30a56c34) Importer(815301076,1909f56bfc062723c751e8b465ee728b)
Start importing Assets/_project/Resources/__app.prefab using Guid(f1b8fbac280a34e4c856127d30a56c34) Importer(815301076,1909f56bfc062723c751e8b465ee728b)  -> (artifact id: '558c34b9155c173a84c985f6b2ea1f41') in 0.011603 seconds 
========================================================================
Received Import Request.
  Time since last request: 0.789350 seconds.
  path: Assets/_project/Resources/__app.prefab
  artifactKey: Guid(f1b8fbac280a34e4c856127d30a56c34) Importer(815301076,1909f56bfc062723c751e8b465ee728b)
Start importing Assets/_project/Resources/__app.prefab using Guid(f1b8fbac280a34e4c856127d30a56c34) Importer(815301076,1909f56bfc062723c751e8b465ee728b)  -> (artifact id: '8f2d575d899b364a12d6d234829ede62') in 0.011564 seconds 
========================================================================
Received Import Request.
  Time since last request: 1.178351 seconds.
  path: Assets/_project/Resources/__app.prefab
  artifactKey: Guid(f1b8fbac280a34e4c856127d30a56c34) Importer(815301076,1909f56bfc062723c751e8b465ee728b)
Start importing Assets/_project/Resources/__app.prefab using Guid(f1b8fbac280a34e4c856127d30a56c34) Importer(815301076,1909f56bfc062723c751e8b465ee728b)  -> (artifact id: '8ea31de091a69734812573b00d62bdf3') in 0.011203 seconds 
========================================================================
Received Import Request.
  Time since last request: 5.097113 seconds.
  path: Assets/_project/Scenes/CombatTestScene.unity
  artifactKey: Guid(920d9051fa5c5ff4ca9e2bcd5772031b) Importer(815301076,1909f56bfc062723c751e8b465ee728b)
Start importing Assets/_project/Scenes/CombatTestScene.unity using Guid(920d9051fa5c5ff4ca9e2bcd5772031b) Importer(815301076,1909f56bfc062723c751e8b465ee728b)  -> (artifact id: '89db10592bfe5885aae9e8c3966d5851') in 0.005602 seconds 
========================================================================
Received Import Request.
  Time since last request: 0.332533 seconds.
  path: Assets/_project/Scenes/TestScene.unity
  artifactKey: Guid(018247ad1843df64f84eef36c2175d35) Importer(815301076,1909f56bfc062723c751e8b465ee728b)
Start importing Assets/_project/Scenes/TestScene.unity using Guid(018247ad1843df64f84eef36c2175d35) Importer(815301076,1909f56bfc062723c751e8b465ee728b)  -> (artifact id: '3d5c39377c3663b791ede849cdf75583') in 0.005055 seconds 
========================================================================
Received Prepare
Registering precompiled user dll's ...
Registered in 0.006385 seconds.
Begin MonoManager ReloadAssembly
Symbol file LoadedFromMemory doesn't match image C:\Users\ariag\Documents\GitHub\Heph\Heph\Library\PackageCache\com.unity.visualscripting@1.7.6\Editor\VisualScripting.Core\Dependencies\YamlDotNet\Unity.VisualScripting.YamlDotNet.dll
Symbol file LoadedFromMemory doesn't match image C:\Users\ariag\Documents\GitHub\Heph\Heph\Library\PackageCache\com.unity.visualscripting@1.7.6\Editor\VisualScripting.Core\Dependencies\DotNetZip\Unity.VisualScripting.IonicZip.dll
Native extension for WindowsStandalone target not found
Refreshing native plugins compatible for Editor in 1.24 ms, found 3 plugins.
Preloading 0 native plugins for Editor in 0.00 ms.
Mono: successfully reloaded assembly
- Completed reload, in  1.264 seconds
Domain Reload Profiling:
	ReloadAssembly (1265ms)
		BeginReloadAssembly (121ms)
			ExecutionOrderSort (0ms)
			DisableScriptedObjects (4ms)
			BackupInstance (0ms)
			ReleaseScriptingObjects (0ms)
			CreateAndSetChildDomain (44ms)
		EndReloadAssembly (1058ms)
			LoadAssemblies (75ms)
			RebuildTransferFunctionScriptingTraits (0ms)
			SetupTypeCache (249ms)
			ReleaseScriptCaches (3ms)
			RebuildScriptCaches (53ms)
			SetupLoadedEditorAssemblies (605ms)
				LogAssemblyErrors (0ms)
				InitializePlatformSupportModulesInManaged (12ms)
				SetLoadedEditorAssemblies (1ms)
				RefreshPlugins (1ms)
				BeforeProcessingInitializeOnLoad (84ms)
				ProcessInitializeOnLoadAttributes (422ms)
				ProcessInitializeOnLoadMethodAttributes (78ms)
				AfterProcessingInitializeOnLoad (7ms)
				EditorAssembliesLoaded (0ms)
			ExecutionOrderSort2 (0ms)
			AwakeInstancesAfterBackupRestoration (14ms)
Platform modules already initialized, skipping
Refreshing native plugins compatible for Editor in 1.16 ms, found 3 plugins.
Preloading 0 native plugins for Editor in 0.00 ms.
Unloading 5408 Unused Serialized files (Serialized files now loaded: 0)
Unloading 31 unused Assets / (0.7 MB). Loaded Objects now: 6036.
Memory consumption went from 209.5 MB to 208.8 MB.
Total: 5.367700 ms (FindLiveObjects: 0.667900 ms CreateObjectMapping: 0.546700 ms MarkObjects: 3.789800 ms  DeleteObjects: 0.361400 ms)

AssetImportParameters requested are different than current active one (requested -> active):
  custom:video-decoder-ogg-theora: a1e56fd34408186e4bbccfd4996cb3dc -> 
  custom:container-muxer-webm: aa71ff27fc2769a1b78a27578f13a17b -> 
  custom:container-demuxer-webm: 4f35f7cbe854078d1ac9338744f61a02 -> 
  custom:video-encoder-webm-vp8: eb34c28f22e8b96e1ab97ce403110664 -> 
  custom:video-codec-MediaFoundation-h265: 746d11721c4dcdbdad8f713fa42b33f4 -> 
  custom:audio-encoder-webm-vorbis: bf7c407c2cedff20999df2af8eb42d56 -> 
  custom:framework-win-MediaFoundation: 216162199b28c13a410421893ffa2e32 -> 
  custom:container-demuxer-ogg: 62fdf1f143b41e24485cea50d1cbac27 -> 
  custom:video-decoder-webm-vp8: 9c59270c3fd7afecdb556c50c9e8de78 -> 
  custom:audio-decoder-ogg-vorbis: bf7c407c2cedff20999df2af8eb42d56 -> 
========================================================================
Received Prepare
Registering precompiled user dll's ...
Registered in 0.006334 seconds.
Begin MonoManager ReloadAssembly
Symbol file LoadedFromMemory doesn't match image C:\Users\ariag\Documents\GitHub\Heph\Heph\Library\PackageCache\com.unity.visualscripting@1.7.6\Editor\VisualScripting.Core\Dependencies\YamlDotNet\Unity.VisualScripting.YamlDotNet.dll
Symbol file LoadedFromMemory doesn't match image C:\Users\ariag\Documents\GitHub\Heph\Heph\Library\PackageCache\com.unity.visualscripting@1.7.6\Editor\VisualScripting.Core\Dependencies\DotNetZip\Unity.VisualScripting.IonicZip.dll
Native extension for WindowsStandalone target not found
Refreshing native plugins compatible for Editor in 1.55 ms, found 3 plugins.
Preloading 0 native plugins for Editor in 0.00 ms.
Mono: successfully reloaded assembly
- Completed reload, in  1.292 seconds
Domain Reload Profiling:
	ReloadAssembly (1293ms)
		BeginReloadAssembly (127ms)
			ExecutionOrderSort (0ms)
			DisableScriptedObjects (4ms)
			BackupInstance (0ms)
			ReleaseScriptingObjects (0ms)
			CreateAndSetChildDomain (44ms)
		EndReloadAssembly (1074ms)
			LoadAssemblies (79ms)
			RebuildTransferFunctionScriptingTraits (0ms)
			SetupTypeCache (251ms)
			ReleaseScriptCaches (2ms)
			RebuildScriptCaches (51ms)
			SetupLoadedEditorAssemblies (622ms)
				LogAssemblyErrors (0ms)
				InitializePlatformSupportModulesInManaged (12ms)
				SetLoadedEditorAssemblies (0ms)
				RefreshPlugins (2ms)
				BeforeProcessingInitializeOnLoad (88ms)
				ProcessInitializeOnLoadAttributes (431ms)
				ProcessInitializeOnLoadMethodAttributes (81ms)
				AfterProcessingInitializeOnLoad (7ms)
				EditorAssembliesLoaded (0ms)
			ExecutionOrderSort2 (0ms)
			AwakeInstancesAfterBackupRestoration (15ms)
Platform modules already initialized, skipping
Refreshing native plugins compatible for Editor in 1.62 ms, found 3 plugins.
Preloading 0 native plugins for Editor in 0.00 ms.
Unloading 5408 Unused Serialized files (Serialized files now loaded: 0)
Unloading 31 unused Assets / (0.8 MB). Loaded Objects now: 6050.
Memory consumption went from 209.5 MB to 208.8 MB.
Total: 7.004200 ms (FindLiveObjects: 0.553900 ms CreateObjectMapping: 0.563900 ms MarkObjects: 5.157900 ms  DeleteObjects: 0.726400 ms)

AssetImportParameters requested are different than current active one (requested -> active):
  custom:video-decoder-ogg-theora: a1e56fd34408186e4bbccfd4996cb3dc -> 
  custom:container-muxer-webm: aa71ff27fc2769a1b78a27578f13a17b -> 
  custom:container-demuxer-webm: 4f35f7cbe854078d1ac9338744f61a02 -> 
  custom:video-encoder-webm-vp8: eb34c28f22e8b96e1ab97ce403110664 -> 
  custom:video-codec-MediaFoundation-h265: 746d11721c4dcdbdad8f713fa42b33f4 -> 
  custom:audio-encoder-webm-vorbis: bf7c407c2cedff20999df2af8eb42d56 -> 
  custom:framework-win-MediaFoundation: 216162199b28c13a410421893ffa2e32 -> 
  custom:container-demuxer-ogg: 62fdf1f143b41e24485cea50d1cbac27 -> 
  custom:video-decoder-webm-vp8: 9c59270c3fd7afecdb556c50c9e8de78 -> 
  custom:audio-decoder-ogg-vorbis: bf7c407c2cedff20999df2af8eb42d56 -> 
========================================================================
Received Prepare
Registering precompiled user dll's ...
Registered in 0.006271 seconds.
Begin MonoManager ReloadAssembly
Symbol file LoadedFromMemory doesn't match image C:\Users\ariag\Documents\GitHub\Heph\Heph\Library\PackageCache\com.unity.visualscripting@1.7.6\Editor\VisualScripting.Core\Dependencies\YamlDotNet\Unity.VisualScripting.YamlDotNet.dll
Symbol file LoadedFromMemory doesn't match image C:\Users\ariag\Documents\GitHub\Heph\Heph\Library\PackageCache\com.unity.visualscripting@1.7.6\Editor\VisualScripting.Core\Dependencies\DotNetZip\Unity.VisualScripting.IonicZip.dll
Native extension for WindowsStandalone target not found
Refreshing native plugins compatible for Editor in 1.21 ms, found 3 plugins.
Preloading 0 native plugins for Editor in 0.00 ms.
Mono: successfully reloaded assembly
- Completed reload, in  1.257 seconds
Domain Reload Profiling:
	ReloadAssembly (1258ms)
		BeginReloadAssembly (135ms)
			ExecutionOrderSort (0ms)
			DisableScriptedObjects (4ms)
			BackupInstance (0ms)
			ReleaseScriptingObjects (0ms)
			CreateAndSetChildDomain (45ms)
		EndReloadAssembly (1036ms)
			LoadAssemblies (86ms)
			RebuildTransferFunctionScriptingTraits (0ms)
			SetupTypeCache (249ms)
			ReleaseScriptCaches (2ms)
			RebuildScriptCaches (49ms)
			SetupLoadedEditorAssemblies (603ms)
				LogAssemblyErrors (0ms)
				InitializePlatformSupportModulesInManaged (14ms)
				SetLoadedEditorAssemblies (1ms)
				RefreshPlugins (1ms)
				BeforeProcessingInitializeOnLoad (79ms)
				ProcessInitializeOnLoadAttributes (420ms)
				ProcessInitializeOnLoadMethodAttributes (82ms)
				AfterProcessingInitializeOnLoad (7ms)
				EditorAssembliesLoaded (0ms)
			ExecutionOrderSort2 (0ms)
			AwakeInstancesAfterBackupRestoration (15ms)
Platform modules already initialized, skipping
Refreshing native plugins compatible for Editor in 1.04 ms, found 3 plugins.
Preloading 0 native plugins for Editor in 0.00 ms.
Unloading 5408 Unused Serialized files (Serialized files now loaded: 0)
Unloading 31 unused Assets / (0.7 MB). Loaded Objects now: 6064.
Memory consumption went from 209.4 MB to 208.6 MB.
Total: 4.490300 ms (FindLiveObjects: 0.455200 ms CreateObjectMapping: 0.435200 ms MarkObjects: 3.274800 ms  DeleteObjects: 0.323400 ms)

AssetImportParameters requested are different than current active one (requested -> active):
  custom:video-decoder-ogg-theora: a1e56fd34408186e4bbccfd4996cb3dc -> 
  custom:container-muxer-webm: aa71ff27fc2769a1b78a27578f13a17b -> 
  custom:container-demuxer-webm: 4f35f7cbe854078d1ac9338744f61a02 -> 
  custom:video-encoder-webm-vp8: eb34c28f22e8b96e1ab97ce403110664 -> 
  custom:video-codec-MediaFoundation-h265: 746d11721c4dcdbdad8f713fa42b33f4 -> 
  custom:audio-encoder-webm-vorbis: bf7c407c2cedff20999df2af8eb42d56 -> 
  custom:framework-win-MediaFoundation: 216162199b28c13a410421893ffa2e32 -> 
  custom:container-demuxer-ogg: 62fdf1f143b41e24485cea50d1cbac27 -> 
  custom:video-decoder-webm-vp8: 9c59270c3fd7afecdb556c50c9e8de78 -> 
  custom:audio-decoder-ogg-vorbis: bf7c407c2cedff20999df2af8eb42d56 -> 
========================================================================
Received Import Request.
  Time since last request: 287.073057 seconds.
  path: Assets/_project/Scenes/TestScene.unity
  artifactKey: Guid(018247ad1843df64f84eef36c2175d35) Importer(815301076,1909f56bfc062723c751e8b465ee728b)
Start importing Assets/_project/Scenes/TestScene.unity using Guid(018247ad1843df64f84eef36c2175d35) Importer(815301076,1909f56bfc062723c751e8b465ee728b)  -> (artifact id: '769f0001e64f35cfef93a746f575dd64') in 0.021566 seconds 
========================================================================
Received Prepare
Registering precompiled user dll's ...
Registered in 0.006316 seconds.
Begin MonoManager ReloadAssembly
Symbol file LoadedFromMemory doesn't match image C:\Users\ariag\Documents\GitHub\Heph\Heph\Library\PackageCache\com.unity.visualscripting@1.7.6\Editor\VisualScripting.Core\Dependencies\YamlDotNet\Unity.VisualScripting.YamlDotNet.dll
Symbol file LoadedFromMemory doesn't match image C:\Users\ariag\Documents\GitHub\Heph\Heph\Library\PackageCache\com.unity.visualscripting@1.7.6\Editor\VisualScripting.Core\Dependencies\DotNetZip\Unity.VisualScripting.IonicZip.dll
Native extension for WindowsStandalone target not found
Refreshing native plugins compatible for Editor in 1.06 ms, found 3 plugins.
Preloading 0 native plugins for Editor in 0.00 ms.
Mono: successfully reloaded assembly
- Completed reload, in  1.182 seconds
Domain Reload Profiling:
	ReloadAssembly (1183ms)
		BeginReloadAssembly (119ms)
			ExecutionOrderSort (0ms)
			DisableScriptedObjects (4ms)
			BackupInstance (0ms)
			ReleaseScriptingObjects (0ms)
			CreateAndSetChildDomain (43ms)
		EndReloadAssembly (978ms)
			LoadAssemblies (72ms)
			RebuildTransferFunctionScriptingTraits (0ms)
			SetupTypeCache (228ms)
			ReleaseScriptCaches (2ms)
			RebuildScriptCaches (42ms)
			SetupLoadedEditorAssemblies (569ms)
				LogAssemblyErrors (0ms)
				InitializePlatformSupportModulesInManaged (11ms)
				SetLoadedEditorAssemblies (0ms)
				RefreshPlugins (1ms)
				BeforeProcessingInitializeOnLoad (77ms)
				ProcessInitializeOnLoadAttributes (400ms)
				ProcessInitializeOnLoadMethodAttributes (73ms)
				AfterProcessingInitializeOnLoad (6ms)
				EditorAssembliesLoaded (0ms)
			ExecutionOrderSort2 (0ms)
			AwakeInstancesAfterBackupRestoration (14ms)
Platform modules already initialized, skipping
Refreshing native plugins compatible for Editor in 1.14 ms, found 3 plugins.
Preloading 0 native plugins for Editor in 0.00 ms.
Unloading 5408 Unused Serialized files (Serialized files now loaded: 0)
Unloading 31 unused Assets / (0.8 MB). Loaded Objects now: 6078.
Memory consumption went from 209.6 MB to 208.8 MB.
Total: 4.816700 ms (FindLiveObjects: 0.433400 ms CreateObjectMapping: 0.473700 ms MarkObjects: 3.565100 ms  DeleteObjects: 0.343200 ms)

AssetImportParameters requested are different than current active one (requested -> active):
  custom:video-decoder-ogg-theora: a1e56fd34408186e4bbccfd4996cb3dc -> 
  custom:container-muxer-webm: aa71ff27fc2769a1b78a27578f13a17b -> 
  custom:container-demuxer-webm: 4f35f7cbe854078d1ac9338744f61a02 -> 
  custom:video-encoder-webm-vp8: eb34c28f22e8b96e1ab97ce403110664 -> 
  custom:video-codec-MediaFoundation-h265: 746d11721c4dcdbdad8f713fa42b33f4 -> 
  custom:audio-encoder-webm-vorbis: bf7c407c2cedff20999df2af8eb42d56 -> 
  custom:framework-win-MediaFoundation: 216162199b28c13a410421893ffa2e32 -> 
  custom:container-demuxer-ogg: 62fdf1f143b41e24485cea50d1cbac27 -> 
  custom:video-decoder-webm-vp8: 9c59270c3fd7afecdb556c50c9e8de78 -> 
  custom:audio-decoder-ogg-vorbis: bf7c407c2cedff20999df2af8eb42d56 -> 
========================================================================
Received Import Request.
  Time since last request: 124.264031 seconds.
  path: Assets/_project/Scenes/CombatTestScene.unity
  artifactKey: Guid(920d9051fa5c5ff4ca9e2bcd5772031b) Importer(815301076,1909f56bfc062723c751e8b465ee728b)
Start importing Assets/_project/Scenes/CombatTestScene.unity using Guid(920d9051fa5c5ff4ca9e2bcd5772031b) Importer(815301076,1909f56bfc062723c751e8b465ee728b)  -> (artifact id: 'da2f080201887eb146d59a9462343207') in 0.022661 seconds 
========================================================================
Received Prepare
Registering precompiled user dll's ...
Registered in 0.006652 seconds.
Begin MonoManager ReloadAssembly
Symbol file LoadedFromMemory doesn't match image C:\Users\ariag\Documents\GitHub\Heph\Heph\Library\PackageCache\com.unity.visualscripting@1.7.6\Editor\VisualScripting.Core\Dependencies\YamlDotNet\Unity.VisualScripting.YamlDotNet.dll
Symbol file LoadedFromMemory doesn't match image C:\Users\ariag\Documents\GitHub\Heph\Heph\Library\PackageCache\com.unity.visualscripting@1.7.6\Editor\VisualScripting.Core\Dependencies\DotNetZip\Unity.VisualScripting.IonicZip.dll
Native extension for WindowsStandalone target not found
Refreshing native plugins compatible for Editor in 1.15 ms, found 3 plugins.
Preloading 0 native plugins for Editor in 0.00 ms.
Mono: successfully reloaded assembly
- Completed reload, in  1.215 seconds
Domain Reload Profiling:
	ReloadAssembly (1216ms)
		BeginReloadAssembly (113ms)
			ExecutionOrderSort (0ms)
			DisableScriptedObjects (4ms)
			BackupInstance (0ms)
			ReleaseScriptingObjects (0ms)
			CreateAndSetChildDomain (40ms)
		EndReloadAssembly (1007ms)
			LoadAssemblies (69ms)
			RebuildTransferFunctionScriptingTraits (0ms)
			SetupTypeCache (253ms)
			ReleaseScriptCaches (3ms)
			RebuildScriptCaches (46ms)
			SetupLoadedEditorAssemblies (571ms)
				LogAssemblyErrors (0ms)
				InitializePlatformSupportModulesInManaged (12ms)
				SetLoadedEditorAssemblies (1ms)
				RefreshPlugins (1ms)
				BeforeProcessingInitializeOnLoad (79ms)
				ProcessInitializeOnLoadAttributes (399ms)
				ProcessInitializeOnLoadMethodAttributes (73ms)
				AfterProcessingInitializeOnLoad (6ms)
				EditorAssembliesLoaded (0ms)
			ExecutionOrderSort2 (0ms)
			AwakeInstancesAfterBackupRestoration (14ms)
Platform modules already initialized, skipping
Refreshing native plugins compatible for Editor in 1.26 ms, found 3 plugins.
Preloading 0 native plugins for Editor in 0.00 ms.
Unloading 5408 Unused Serialized files (Serialized files now loaded: 0)
Unloading 31 unused Assets / (0.7 MB). Loaded Objects now: 6092.
Memory consumption went from 209.6 MB to 208.8 MB.
Total: 5.641400 ms (FindLiveObjects: 0.672400 ms CreateObjectMapping: 0.424800 ms MarkObjects: 4.191700 ms  DeleteObjects: 0.351200 ms)

AssetImportParameters requested are different than current active one (requested -> active):
  custom:video-decoder-ogg-theora: a1e56fd34408186e4bbccfd4996cb3dc -> 
  custom:container-muxer-webm: aa71ff27fc2769a1b78a27578f13a17b -> 
  custom:container-demuxer-webm: 4f35f7cbe854078d1ac9338744f61a02 -> 
  custom:video-encoder-webm-vp8: eb34c28f22e8b96e1ab97ce403110664 -> 
  custom:video-codec-MediaFoundation-h265: 746d11721c4dcdbdad8f713fa42b33f4 -> 
  custom:audio-encoder-webm-vorbis: bf7c407c2cedff20999df2af8eb42d56 -> 
  custom:framework-win-MediaFoundation: 216162199b28c13a410421893ffa2e32 -> 
  custom:container-demuxer-ogg: 62fdf1f143b41e24485cea50d1cbac27 -> 
  custom:video-decoder-webm-vp8: 9c59270c3fd7afecdb556c50c9e8de78 -> 
  custom:audio-decoder-ogg-vorbis: bf7c407c2cedff20999df2af8eb42d56 -> 
========================================================================
Received Import Request.
  Time since last request: 127.013099 seconds.
  path: Assets/_project/Scenes/CombatTestScene.unity
  artifactKey: Guid(920d9051fa5c5ff4ca9e2bcd5772031b) Importer(815301076,1909f56bfc062723c751e8b465ee728b)
Start importing Assets/_project/Scenes/CombatTestScene.unity using Guid(920d9051fa5c5ff4ca9e2bcd5772031b) Importer(815301076,1909f56bfc062723c751e8b465ee728b)  -> (artifact id: '65ab0fa5769da14d598bcb42785f5f33') in 0.020220 seconds 
========================================================================
Received Prepare
Registering precompiled user dll's ...
Registered in 0.009040 seconds.
Begin MonoManager ReloadAssembly
Symbol file LoadedFromMemory doesn't match image C:\Users\ariag\Documents\GitHub\Heph\Heph\Library\PackageCache\com.unity.visualscripting@1.7.6\Editor\VisualScripting.Core\Dependencies\YamlDotNet\Unity.VisualScripting.YamlDotNet.dll
Symbol file LoadedFromMemory doesn't match image C:\Users\ariag\Documents\GitHub\Heph\Heph\Library\PackageCache\com.unity.visualscripting@1.7.6\Editor\VisualScripting.Core\Dependencies\DotNetZip\Unity.VisualScripting.IonicZip.dll
Native extension for WindowsStandalone target not found
Refreshing native plugins compatible for Editor in 1.05 ms, found 3 plugins.
Preloading 0 native plugins for Editor in 0.00 ms.
Mono: successfully reloaded assembly
- Completed reload, in  1.242 seconds
Domain Reload Profiling:
	ReloadAssembly (1243ms)
		BeginReloadAssembly (120ms)
			ExecutionOrderSort (0ms)
			DisableScriptedObjects (4ms)
			BackupInstance (0ms)
			ReleaseScriptingObjects (0ms)
			CreateAndSetChildDomain (41ms)
		EndReloadAssembly (1037ms)
			LoadAssemblies (75ms)
			RebuildTransferFunctionScriptingTraits (0ms)
			SetupTypeCache (242ms)
			ReleaseScriptCaches (2ms)
			RebuildScriptCaches (43ms)
			SetupLoadedEditorAssemblies (610ms)
				LogAssemblyErrors (0ms)
				InitializePlatformSupportModulesInManaged (12ms)
				SetLoadedEditorAssemblies (0ms)
				RefreshPlugins (1ms)
				BeforeProcessingInitializeOnLoad (83ms)
				ProcessInitializeOnLoadAttributes (425ms)
				ProcessInitializeOnLoadMethodAttributes (80ms)
				AfterProcessingInitializeOnLoad (7ms)
				EditorAssembliesLoaded (0ms)
			ExecutionOrderSort2 (0ms)
			AwakeInstancesAfterBackupRestoration (14ms)
Platform modules already initialized, skipping
Refreshing native plugins compatible for Editor in 1.34 ms, found 3 plugins.
Preloading 0 native plugins for Editor in 0.00 ms.
Unloading 5408 Unused Serialized files (Serialized files now loaded: 0)
Unloading 31 unused Assets / (0.7 MB). Loaded Objects now: 6106.
Memory consumption went from 209.6 MB to 208.9 MB.
Total: 5.040200 ms (FindLiveObjects: 0.588400 ms CreateObjectMapping: 0.327400 ms MarkObjects: 3.795400 ms  DeleteObjects: 0.327600 ms)

AssetImportParameters requested are different than current active one (requested -> active):
  custom:video-decoder-ogg-theora: a1e56fd34408186e4bbccfd4996cb3dc -> 
  custom:container-muxer-webm: aa71ff27fc2769a1b78a27578f13a17b -> 
  custom:container-demuxer-webm: 4f35f7cbe854078d1ac9338744f61a02 -> 
  custom:video-encoder-webm-vp8: eb34c28f22e8b96e1ab97ce403110664 -> 
  custom:video-codec-MediaFoundation-h265: 746d11721c4dcdbdad8f713fa42b33f4 -> 
  custom:audio-encoder-webm-vorbis: bf7c407c2cedff20999df2af8eb42d56 -> 
  custom:framework-win-MediaFoundation: 216162199b28c13a410421893ffa2e32 -> 
  custom:container-demuxer-ogg: 62fdf1f143b41e24485cea50d1cbac27 -> 
  custom:video-decoder-webm-vp8: 9c59270c3fd7afecdb556c50c9e8de78 -> 
  custom:audio-decoder-ogg-vorbis: bf7c407c2cedff20999df2af8eb42d56 -> 
========================================================================
Received Import Request.
  Time since last request: 63.252563 seconds.
  path: Assets/_project/Scenes/CombatTestScene.unity
  artifactKey: Guid(920d9051fa5c5ff4ca9e2bcd5772031b) Importer(815301076,1909f56bfc062723c751e8b465ee728b)
Start importing Assets/_project/Scenes/CombatTestScene.unity using Guid(920d9051fa5c5ff4ca9e2bcd5772031b) Importer(815301076,1909f56bfc062723c751e8b465ee728b)  -> (artifact id: 'be68524f59126216ad4b324cd5075adf') in 0.018990 seconds 
========================================================================
Received Import Request.
  Time since last request: 19.637441 seconds.
  path: Assets/_project/Scenes/CombatTestScene.unity
  artifactKey: Guid(920d9051fa5c5ff4ca9e2bcd5772031b) Importer(815301076,1909f56bfc062723c751e8b465ee728b)
Start importing Assets/_project/Scenes/CombatTestScene.unity using Guid(920d9051fa5c5ff4ca9e2bcd5772031b) Importer(815301076,1909f56bfc062723c751e8b465ee728b)  -> (artifact id: 'a87e499f8427c9e6964b348442bf5b27') in 0.002253 seconds 
========================================================================
Received Prepare
Registering precompiled user dll's ...
Registered in 0.008721 seconds.
Begin MonoManager ReloadAssembly
Symbol file LoadedFromMemory doesn't match image C:\Users\ariag\Documents\GitHub\Heph\Heph\Library\PackageCache\com.unity.visualscripting@1.7.6\Editor\VisualScripting.Core\Dependencies\YamlDotNet\Unity.VisualScripting.YamlDotNet.dll
Symbol file LoadedFromMemory doesn't match image C:\Users\ariag\Documents\GitHub\Heph\Heph\Library\PackageCache\com.unity.visualscripting@1.7.6\Editor\VisualScripting.Core\Dependencies\DotNetZip\Unity.VisualScripting.IonicZip.dll
Native extension for WindowsStandalone target not found
Refreshing native plugins compatible for Editor in 1.94 ms, found 3 plugins.
Preloading 0 native plugins for Editor in 0.00 ms.
Mono: successfully reloaded assembly
- Completed reload, in  1.312 seconds
Domain Reload Profiling:
	ReloadAssembly (1313ms)
		BeginReloadAssembly (122ms)
			ExecutionOrderSort (0ms)
			DisableScriptedObjects (4ms)
			BackupInstance (0ms)
			ReleaseScriptingObjects (0ms)
			CreateAndSetChildDomain (40ms)
		EndReloadAssembly (1098ms)
			LoadAssemblies (81ms)
			RebuildTransferFunctionScriptingTraits (0ms)
			SetupTypeCache (276ms)
			ReleaseScriptCaches (3ms)
			RebuildScriptCaches (56ms)
			SetupLoadedEditorAssemblies (612ms)
				LogAssemblyErrors (0ms)
				InitializePlatformSupportModulesInManaged (15ms)
				SetLoadedEditorAssemblies (1ms)
				RefreshPlugins (2ms)
				BeforeProcessingInitializeOnLoad (90ms)
				ProcessInitializeOnLoadAttributes (417ms)
				ProcessInitializeOnLoadMethodAttributes (79ms)
				AfterProcessingInitializeOnLoad (7ms)
				EditorAssembliesLoaded (0ms)
			ExecutionOrderSort2 (0ms)
			AwakeInstancesAfterBackupRestoration (16ms)
Platform modules already initialized, skipping
Refreshing native plugins compatible for Editor in 1.20 ms, found 3 plugins.
Preloading 0 native plugins for Editor in 0.00 ms.
Unloading 5408 Unused Serialized files (Serialized files now loaded: 0)
Unloading 31 unused Assets / (0.8 MB). Loaded Objects now: 6120.
Memory consumption went from 209.6 MB to 208.9 MB.
Total: 5.578700 ms (FindLiveObjects: 0.504400 ms CreateObjectMapping: 0.523600 ms MarkObjects: 4.085000 ms  DeleteObjects: 0.464300 ms)

AssetImportParameters requested are different than current active one (requested -> active):
  custom:video-decoder-ogg-theora: a1e56fd34408186e4bbccfd4996cb3dc -> 
  custom:container-muxer-webm: aa71ff27fc2769a1b78a27578f13a17b -> 
  custom:container-demuxer-webm: 4f35f7cbe854078d1ac9338744f61a02 -> 
  custom:video-encoder-webm-vp8: eb34c28f22e8b96e1ab97ce403110664 -> 
  custom:video-codec-MediaFoundation-h265: 746d11721c4dcdbdad8f713fa42b33f4 -> 
  custom:audio-encoder-webm-vorbis: bf7c407c2cedff20999df2af8eb42d56 -> 
  custom:framework-win-MediaFoundation: 216162199b28c13a410421893ffa2e32 -> 
  custom:container-demuxer-ogg: 62fdf1f143b41e24485cea50d1cbac27 -> 
  custom:video-decoder-webm-vp8: 9c59270c3fd7afecdb556c50c9e8de78 -> 
  custom:audio-decoder-ogg-vorbis: bf7c407c2cedff20999df2af8eb42d56 -> 
========================================================================
Received Import Request.
  Time since last request: 95.672295 seconds.
  path: Assets/_project/Scenes/CombatTestScene.unity
  artifactKey: Guid(920d9051fa5c5ff4ca9e2bcd5772031b) Importer(815301076,1909f56bfc062723c751e8b465ee728b)
Start importing Assets/_project/Scenes/CombatTestScene.unity using Guid(920d9051fa5c5ff4ca9e2bcd5772031b) Importer(815301076,1909f56bfc062723c751e8b465ee728b)  -> (artifact id: '488fbc0f6af6fef9ea3abb0906437f04') in 0.021643 seconds 
========================================================================
Received Import Request.
  Time since last request: 1.336765 seconds.
  path: Assets/_project/Scenes/CombatTestScene.unity
  artifactKey: Guid(920d9051fa5c5ff4ca9e2bcd5772031b) Importer(815301076,1909f56bfc062723c751e8b465ee728b)
Start importing Assets/_project/Scenes/CombatTestScene.unity using Guid(920d9051fa5c5ff4ca9e2bcd5772031b) Importer(815301076,1909f56bfc062723c751e8b465ee728b)  -> (artifact id: '9f817cde8b7f27d44f2a754053915d32') in 0.002834 seconds 
========================================================================
Received Prepare
Registering precompiled user dll's ...
Registered in 0.007695 seconds.
Begin MonoManager ReloadAssembly
Symbol file LoadedFromMemory doesn't match image C:\Users\ariag\Documents\GitHub\Heph\Heph\Library\PackageCache\com.unity.visualscripting@1.7.6\Editor\VisualScripting.Core\Dependencies\YamlDotNet\Unity.VisualScripting.YamlDotNet.dll
Symbol file LoadedFromMemory doesn't match image C:\Users\ariag\Documents\GitHub\Heph\Heph\Library\PackageCache\com.unity.visualscripting@1.7.6\Editor\VisualScripting.Core\Dependencies\DotNetZip\Unity.VisualScripting.IonicZip.dll
Native extension for WindowsStandalone target not found
Refreshing native plugins compatible for Editor in 1.12 ms, found 3 plugins.
Preloading 0 native plugins for Editor in 0.00 ms.
Mono: successfully reloaded assembly
- Completed reload, in  1.265 seconds
Domain Reload Profiling:
	ReloadAssembly (1265ms)
		BeginReloadAssembly (124ms)
			ExecutionOrderSort (0ms)
			DisableScriptedObjects (4ms)
			BackupInstance (0ms)
			ReleaseScriptingObjects (0ms)
			CreateAndSetChildDomain (43ms)
		EndReloadAssembly (1058ms)
			LoadAssemblies (76ms)
			RebuildTransferFunctionScriptingTraits (0ms)
			SetupTypeCache (257ms)
			ReleaseScriptCaches (2ms)
			RebuildScriptCaches (49ms)
			SetupLoadedEditorAssemblies (612ms)
				LogAssemblyErrors (0ms)
				InitializePlatformSupportModulesInManaged (14ms)
				SetLoadedEditorAssemblies (1ms)
				RefreshPlugins (1ms)
				BeforeProcessingInitializeOnLoad (90ms)
				ProcessInitializeOnLoadAttributes (422ms)
				ProcessInitializeOnLoadMethodAttributes (76ms)
				AfterProcessingInitializeOnLoad (7ms)
				EditorAssembliesLoaded (0ms)
			ExecutionOrderSort2 (0ms)
			AwakeInstancesAfterBackupRestoration (13ms)
Platform modules already initialized, skipping
Refreshing native plugins compatible for Editor in 1.14 ms, found 3 plugins.
Preloading 0 native plugins for Editor in 0.00 ms.
Unloading 5408 Unused Serialized files (Serialized files now loaded: 0)
Unloading 31 unused Assets / (0.7 MB). Loaded Objects now: 6134.
Memory consumption went from 209.5 MB to 208.7 MB.
Total: 5.771400 ms (FindLiveObjects: 0.561300 ms CreateObjectMapping: 0.590300 ms MarkObjects: 4.195300 ms  DeleteObjects: 0.423000 ms)

AssetImportParameters requested are different than current active one (requested -> active):
  custom:video-decoder-ogg-theora: a1e56fd34408186e4bbccfd4996cb3dc -> 
  custom:container-muxer-webm: aa71ff27fc2769a1b78a27578f13a17b -> 
  custom:container-demuxer-webm: 4f35f7cbe854078d1ac9338744f61a02 -> 
  custom:video-encoder-webm-vp8: eb34c28f22e8b96e1ab97ce403110664 -> 
  custom:video-codec-MediaFoundation-h265: 746d11721c4dcdbdad8f713fa42b33f4 -> 
  custom:audio-encoder-webm-vorbis: bf7c407c2cedff20999df2af8eb42d56 -> 
  custom:framework-win-MediaFoundation: 216162199b28c13a410421893ffa2e32 -> 
  custom:container-demuxer-ogg: 62fdf1f143b41e24485cea50d1cbac27 -> 
  custom:video-decoder-webm-vp8: 9c59270c3fd7afecdb556c50c9e8de78 -> 
  custom:audio-decoder-ogg-vorbis: bf7c407c2cedff20999df2af8eb42d56 -> 
